PUT /api/Klient/1 Microsoft.AspNetCore.Http.QueryCollection Microsoft.AspNetCore.Server.IIS.Core.HttpRequestStream at: 26.03.2022 17:45:43 - (ID = 11, Rola: admin)
POST /api/Klient Microsoft.AspNetCore.Http.QueryCollection Microsoft.AspNetCore.Server.IIS.Core.HttpRequestStream at: 30.03.2022 15:08:09 - ()
POST /api/Klient Microsoft.AspNetCore.Http.QueryCollection Microsoft.AspNetCore.Server.IIS.Core.HttpRequestStream at: 30.03.2022 15:14:31 - ()
POST /api/Klient Microsoft.AspNetCore.Http.QueryCollection Microsoft.AspNetCore.Server.IIS.Core.HttpRequestStream at: 30.03.2022 15:15:13 - ()
POST /api/Klient Microsoft.AspNetCore.Http.QueryCollection Microsoft.AspNetCore.Server.IIS.Core.HttpRequestStream at: 30.03.2022 15:15:35 - ()
POST /api/Klient Microsoft.AspNetCore.Http.QueryCollection Microsoft.AspNetCore.Server.IIS.Core.HttpRequestStream at: 30.03.2022 15:39:43 - ()
POST /api/Klient Microsoft.AspNetCore.Http.QueryCollection Microsoft.AspNetCore.Server.IIS.Core.HttpRequestStream at: 30.03.2022 15:40:33 - ()
PUT /api/Account/6 Microsoft.AspNetCore.Http.QueryCollection Microsoft.AspNetCore.Server.IIS.Core.HttpRequestStream at: 30.03.2022 15:41:23 - ()
PUT /api/Account/6 Microsoft.AspNetCore.Http.QueryCollection Microsoft.AspNetCore.Server.IIS.Core.HttpRequestStream at: 30.03.2022 15:43:31 - ()
PUT /api/Account/6 Microsoft.AspNetCore.Http.QueryCollection Microsoft.AspNetCore.Server.IIS.Core.HttpRequestStream at: 30.03.2022 15:44:25 - ()
PUT /api/Account/6 Microsoft.AspNetCore.Http.QueryCollection Microsoft.AspNetCore.Server.IIS.Core.HttpRequestStream at: 30.03.2022 15:45:47 - ()
PUT /api/Account/6 Microsoft.AspNetCore.Http.QueryCollection Microsoft.AspNetCore.Server.IIS.Core.HttpRequestStream at: 30.03.2022 15:46:00 - ()
PUT /api/Account/6 Microsoft.AspNetCore.Http.QueryCollection Microsoft.AspNetCore.Server.IIS.Core.HttpRequestStream at: 30.03.2022 15:46:14 - ()
POST /api/Account/login Microsoft.AspNetCore.Http.QueryCollection Microsoft.AspNetCore.Server.IIS.Core.HttpRequestStream at: 30.03.2022 15:46:29 - ()
POST /api/Account/login Microsoft.AspNetCore.Http.QueryCollection Microsoft.AspNetCore.Server.IIS.Core.HttpRequestStream at: 30.03.2022 15:46:44 - ()
PUT /api/Account/6 Microsoft.AspNetCore.Http.QueryCollection Microsoft.AspNetCore.Server.IIS.Core.HttpRequestStream at: 30.03.2022 15:48:02 - ()
POST /api/Weterynarz Microsoft.AspNetCore.Http.QueryCollection Microsoft.AspNetCore.Server.IIS.Core.HttpRequestStream at: 30.03.2022 15:55:14 - ()
POST /api/Account/login Microsoft.AspNetCore.Http.QueryCollection Microsoft.AspNetCore.Server.IIS.Core.HttpRequestStream at: 30.03.2022 15:56:59 - ()
PUT /api/Account/5 Microsoft.AspNetCore.Http.QueryCollection Microsoft.AspNetCore.Server.IIS.Core.HttpRequestStream at: 30.03.2022 15:58:20 - ()
PUT /api/Account/5 Microsoft.AspNetCore.Http.QueryCollection Microsoft.AspNetCore.Server.IIS.Core.HttpRequestStream at: 30.03.2022 15:58:26 - ()
PUT /api/Account/5 Microsoft.AspNetCore.Http.QueryCollection Microsoft.AspNetCore.Server.IIS.Core.HttpRequestStream at: 30.03.2022 15:58:35 - ()
PUT /api/Account/5 Microsoft.AspNetCore.Http.QueryCollection Microsoft.AspNetCore.Server.IIS.Core.HttpRequestStream at: 30.03.2022 15:59:00 - ()
